<?xml version="1.0" encoding="UTF-8"?>
<!-- Generated by org.testng.reporters.JUnitReportReporter -->
<testsuite hostname="Onkars-MacBook-Air.local" failures="0" tests="2" name="SeleniumActionsTest" time="1.426" errors="0" timestamp="2025-06-21T14:27:40 IST" skipped="0">
  <testcase classname="SeleniumActionsTest" name="openPage" time="1.084"/>
  <testcase classname="SeleniumActionsTest" name="getTitle" time="0.342"/>
</testsuite> <!-- SeleniumActionsTest -->
