<?xml version="1.0" encoding="UTF-8"?>
<!-- Generated by org.testng.reporters.JUnitReportReporter -->
<testsuite hostname="Onkars-MacBook-Air.local" failures="0" tests="2" name="com.test.AppTest" time="0.002" errors="0" timestamp="2025-06-15T21:55:23 IST" skipped="0">
  <testcase classname="com.test.AppTest" name="test_login" time="0.002"/>
  <testcase classname="com.test.AppTest" name="test_login_2" time="0.000"/>
</testsuite> <!-- com.test.AppTest -->
